<?xml version="1.0" encoding="UTF-8"?>
<testsuite name="kr.bit.hotgirl.HotgirlApplicationTests" tests="1" skipped="0" failures="0" errors="0" timestamp="2024-05-22T07:09:57" hostname="DESKTOP-9MJSTUA" time="0.667">
  <properties/>
  <testcase name="contextLoads()" classname="kr.bit.hotgirl.HotgirlApplicationTests" time="0.667"/>
  <system-out><![CDATA[16:09:50.432 [Test worker] INFO org.springframework.test.context.support.AnnotationConfigContextLoaderUtils -- Could not detect default configuration classes for test class [kr.bit.hotgirl.HotgirlApplicationTests]: HotgirlApplicationTests does not declare any static, non-private, non-final, nested classes annotated with @Configuration.
16:09:50.545 [Test worker] INFO org.springframework.boot.test.context.SpringBootTestContextBootstrapper -- Found @SpringBootConfiguration kr.bit.hotgirl.HotgirlApplication for test class kr.bit.hotgirl.HotgirlApplicationTests

  .   ____          _            __ _ _
 /\\ / ___'_ __ _ _(_)_ __  __ _ \ \ \ \
( ( )\___ | '_ | '_| | '_ \/ _` | \ \ \ \
 \\/  ___)| |_)| | | | | || (_| |  ) ) ) )
  '  |____| .__|_| |_|_| |_\__, | / / / /
 =========|_|==============|___/=/_/_/_/
 :: Spring Boot ::                (v3.2.5)

2024-05-22T16:09:51.092+09:00  INFO 17232 --- [Hotgirl] [    Test worker] kr.bit.hotgirl.HotgirlApplicationTests   : Starting HotgirlApplicationTests using Java 17.0.10 with PID 17232 (started by Changho in C:\Users\Changho\Documents\Projects\SpringTeamProjects\HotgirlChoione\Hotgirl)
2024-05-22T16:09:51.093+09:00  INFO 17232 --- [Hotgirl] [    Test worker] kr.bit.hotgirl.HotgirlApplicationTests   : No active profile set, falling back to 1 default profile: "default"
2024-05-22T16:09:52.031+09:00  INFO 17232 --- [Hotgirl] [    Test worker] .s.d.r.c.RepositoryConfigurationDelegate : Bootstrapping Spring Data JPA repositories in DEFAULT mode.
2024-05-22T16:09:52.107+09:00  INFO 17232 --- [Hotgirl] [    Test worker] .s.d.r.c.RepositoryConfigurationDelegate : Finished Spring Data repository scanning in 63 ms. Found 1 JPA repository interface.
2024-05-22T16:09:52.729+09:00  INFO 17232 --- [Hotgirl] [    Test worker] o.hibernate.jpa.internal.util.LogHelper  : HHH000204: Processing PersistenceUnitInfo [name: default]
2024-05-22T16:09:52.839+09:00  INFO 17232 --- [Hotgirl] [    Test worker] org.hibernate.Version                    : HHH000412: Hibernate ORM core version 6.4.4.Final
2024-05-22T16:09:52.908+09:00  INFO 17232 --- [Hotgirl] [    Test worker] o.h.c.internal.RegionFactoryInitiator    : HHH000026: Second-level cache disabled
2024-05-22T16:09:53.230+09:00  INFO 17232 --- [Hotgirl] [    Test worker] o.s.o.j.p.SpringPersistenceUnitInfo      : No LoadTimeWeaver setup: ignoring JPA class transformer
2024-05-22T16:09:53.269+09:00  INFO 17232 --- [Hotgirl] [    Test worker] com.zaxxer.hikari.HikariDataSource       : HikariPool-1 - Starting...
2024-05-22T16:09:53.638+09:00  INFO 17232 --- [Hotgirl] [    Test worker] com.zaxxer.hikari.pool.HikariPool        : HikariPool-1 - Added connection com.mysql.cj.jdbc.ConnectionImpl@33a71d23
2024-05-22T16:09:53.642+09:00  INFO 17232 --- [Hotgirl] [    Test worker] com.zaxxer.hikari.HikariDataSource       : HikariPool-1 - Start completed.
2024-05-22T16:09:53.713+09:00  WARN 17232 --- [Hotgirl] [    Test worker] org.hibernate.orm.deprecation            : HHH90000025: MySQL8Dialect does not need to be specified explicitly using 'hibernate.dialect' (remove the property setting and it will be selected by default)
2024-05-22T16:09:53.714+09:00  WARN 17232 --- [Hotgirl] [    Test worker] org.hibernate.orm.deprecation            : HHH90000026: MySQL8Dialect has been deprecated; use org.hibernate.dialect.MySQLDialect instead
2024-05-22T16:09:54.708+09:00  INFO 17232 --- [Hotgirl] [    Test worker] o.h.e.t.j.p.i.JtaPlatformInitiator       : HHH000489: No JTA platform available (set 'hibernate.transaction.jta.platform' to enable JTA platform integration)
2024-05-22T16:09:54.778+09:00  INFO 17232 --- [Hotgirl] [    Test worker] j.LocalContainerEntityManagerFactoryBean : Initialized JPA EntityManagerFactory for persistence unit 'default'
2024-05-22T16:09:55.128+09:00  INFO 17232 --- [Hotgirl] [    Test worker] o.s.d.j.r.query.QueryEnhancerFactory     : Hibernate is in classpath; If applicable, HQL parser will be used.
2024-05-22T16:09:55.930+09:00  WARN 17232 --- [Hotgirl] [    Test worker] JpaBaseConfiguration$JpaWebConfiguration : spring.jpa.open-in-view is enabled by default. Therefore, database queries may be performed during view rendering. Explicitly configure spring.jpa.open-in-view to disable this warning
2024-05-22T16:09:56.937+09:00  INFO 17232 --- [Hotgirl] [    Test worker] kr.bit.hotgirl.HotgirlApplicationTests   : Started HotgirlApplicationTests in 6.155 seconds (process running for 7.571)
]]></system-out>
  <system-err><![CDATA[]]></system-err>
</testsuite>
